2026-05-10 19:55:12,802 [INFO Inicio de simulacion de clientes Software FJ]
2026-05-10 19:55:12,802 [INFO Entidad creada: tipo=Cliente, id=CC123456, nombre=Angela Fajardo, activo=True]
2026-05-10 19:55:12,803 [INFO Cliente registrado correctamente: documento=CC123456, nombre=Angela Fajardo]
2026-05-10 19:55:12,803 [INFO Registrar cliente valido: operacion exitosa]
2026-05-10 19:55:12,804 [ERROR Cliente: El id de la entidad no puede estar vacio.]
2026-05-10 19:55:12,804 [ERROR Rechazar cliente con documento vacio: El id de la entidad no puede estar vacio. | contexto: entidad=Cliente]
2026-05-10 19:55:12,805 [INFO Entidad creada: tipo=Cliente, id=A1, nombre=Laura Gomez, activo=True]
2026-05-10 19:55:12,805 [ERROR Cliente: El campo documento debe tener al menos 5 caracteres.]
2026-05-10 19:55:12,806 [ERROR Rechazar cliente con documento muy corto: El campo documento debe tener al menos 5 caracteres. | contexto: documento=None, entidad=Cliente]
2026-05-10 19:55:12,806 [ERROR Cliente: El campo nombre debe tener al menos 3 caracteres.]
2026-05-10 19:55:12,807 [ERROR Rechazar cliente con nombre muy corto: El campo nombre debe tener al menos 3 caracteres. | contexto: documento=None, entidad=Cliente]
2026-05-10 19:55:12,807 [INFO Entidad creada: tipo=Cliente, id=CC778899, nombre=Mariana Torres, activo=True]
2026-05-10 19:55:12,808 [ERROR Cliente: El correo electronico no tiene un formato valido.]
2026-05-10 19:55:12,809 [ERROR Rechazar cliente con correo invalido: El correo electronico no tiene un formato valido. | contexto: documento=CC778899, entidad=Cliente]
2026-05-10 19:55:12,811 [INFO Entidad creada: tipo=Cliente, id=CC998877, nombre=Pedro Ramirez, activo=True]
2026-05-10 19:55:12,811 [ERROR Cliente: El telefono debe contener solo numeros.]
2026-05-10 19:55:12,812 [ERROR Rechazar cliente con telefono no numerico: El telefono debe contener solo numeros. | contexto: documento=CC998877, entidad=Cliente]
2026-05-10 19:55:12,813 [INFO Entidad creada: tipo=Cliente, id=CC112233, nombre=Sofia Mejia, activo=True]
2026-05-10 19:55:12,815 [ERROR Cliente: El campo telefono debe tener al menos 7 caracteres.]
2026-05-10 19:55:12,816 [ERROR Rechazar cliente con telefono muy corto: El campo telefono debe tener al menos 7 caracteres. | contexto: documento=CC112233, entidad=Cliente]
2026-05-10 19:55:12,817 [ERROR Cliente: El id de la entidad debe ser texto o numero entero.]
2026-05-10 19:55:12,818 [ERROR Rechazar cliente con tipo incorrecto: El id de la entidad debe ser texto o numero entero. | contexto: entidad=Cliente]
2026-05-10 19:55:12,819 [INFO Cliente actualizado: documento=CC123456, campos=correo, telefono]
2026-05-10 19:55:12,820 [INFO Actualizar contacto valido: operacion exitosa]
2026-05-10 19:55:12,821 [ERROR Cliente: El telefono debe contener solo numeros.]
2026-05-10 19:55:12,821 [ERROR Rechazar actualizacion con telefono invalido: El telefono debe contener solo numeros. | contexto: documento=CC123456, entidad=Cliente]
2026-05-10 19:55:12,827 [INFO Fin de simulacion de clientes Software FJ]
